# JRE version: OpenJDK Runtime Environment Temurin-21.0.5+11 (21.0.5+11) (build 21.0.5+11-LTS)
# Java VM: OpenJDK 64-Bit Server VM Temurin-21.0.5+11 (21.0.5+11-LTS, mixed mode, sharing, tiered, compressed oops, compressed class ptrs, g1 gc, windows-amd64)
GC Precious Log:
 CardTable entry size: 512
 Card Set container configuration: InlinePtr #cards 5 size 8 Array Of Cards #cards 12 size 40 Howl #buckets 4 coarsen threshold 1843 Howl Bitmap #cards 512 size 80 coarsen threshold 460 Card regions per heap region 1 cards per card region 2048
 CPUs: 8 total, 8 available
 Memory: 4095M
 Large Page Support: Disabled
 NUMA Support: Disabled
 Compressed Oops: Enabled (32-bit)
 Heap Region Size: 1M
 Heap Min Capacity: 8M
 Heap Initial Capacity: 64M
 Heap Max Capacity: 1G
 Pre-touch: Disabled
 Parallel Workers: 8
 Concurrent Workers: 2
 Concurrent Refinement Workers: 8
 Periodic GC: Disabled
Heap:
 garbage-first heap   total 70656K, used 30939K [0x00000000c0000000, 0x0000000100000000)
  region size 1024K, 6 young (6144K), 3 survivors (3072K)
 Metaspace       used 53616K, committed 54208K, reserved 1114112K
  class space    used 5925K, committed 6208K, reserved 1048576K
GC Heap History (18 events):
Event: 0.660 GC heap before
{Heap before GC invocations=0 (full 0):
 garbage-first heap   total 65536K, used 25600K [0x00000000c0000000, 0x0000000100000000)
  region size 1024K, 23 young (23552K), 0 survivors (0K)
 Metaspace       used 8439K, committed 8576K, reserved 1114112K
  class space    used 662K, committed 768K, reserved 1048576K
}
Event: 0.663 GC heap after
{Heap after GC invocations=1 (full 0):
 garbage-first heap   total 65536K, used 2176K [0x00000000c0000000, 0x0000000100000000)
  region size 1024K, 2 young (2048K), 2 survivors (2048K)
 Metaspace       used 8439K, committed 8576K, reserved 1114112K
  class space    used 662K, committed 768K, reserved 1048576K
}
Event: 1.514 GC heap before
{Heap before GC invocations=1 (full 0):
 garbage-first heap   total 65536K, used 36992K [0x00000000c0000000, 0x0000000100000000)
  region size 1024K, 36 young (36864K), 2 survivors (2048K)
 Metaspace       used 19571K, committed 19776K, reserved 1114112K
  class space    used 1835K, committed 1920K, reserved 1048576K
}
Event: 1.522 GC heap after
{Heap after GC invocations=2 (full 0):
 garbage-first heap   total 65536K, used 4672K [0x00000000c0000000, 0x0000000100000000)
  region size 1024K, 4 young (4096K), 4 survivors (4096K)
 Metaspace       used 19571K, committed 19776K, reserved 1114112K
  class space    used 1835K, committed 1920K, reserved 1048576K
}
Event: 2.787 GC heap before
{Heap before GC invocations=2 (full 0):
 garbage-first heap   total 65536K, used 32320K [0x00000000c0000000, 0x0000000100000000)
  region size 1024K, 33 young (33792K), 4 survivors (4096K)
 Metaspace       used 21314K, committed 21504K, reserved 1114112K
  class space    used 1936K, committed 2048K, reserved 1048576K
}
Event: 2.800 GC heap after
{Heap after GC invocations=3 (full 0):
 garbage-first heap   total 65536K, used 13570K [0x00000000c0000000, 0x0000000100000000)
  region size 1024K, 5 young (5120K), 5 survivors (5120K)
 Metaspace       used 21314K, committed 21504K, reserved 1114112K
  class space    used 1936K, committed 2048K, reserved 1048576K
}
Event: 3.648 GC heap before
{Heap before GC invocations=4 (full 0):
 garbage-first heap   total 48128K, used 46338K [0x00000000c0000000, 0x0000000100000000)
  region size 1024K, 35 young (35840K), 5 survivors (5120K)
 Metaspace       used 25275K, committed 25536K, reserved 1114112K
  class space    used 2386K, committed 2496K, reserved 1048576K
}
Event: 3.657 GC heap after
{Heap after GC invocations=5 (full 0):
 garbage-first heap   total 58368K, used 19362K [0x00000000c0000000, 0x0000000100000000)
  region size 1024K, 5 young (5120K), 5 survivors (5120K)
 Metaspace       used 25275K, committed 25536K, reserved 1114112K
  class space    used 2386K, committed 2496K, reserved 1048576K
}
Event: 4.553 GC heap before
{Heap before GC invocations=5 (full 0):
 garbage-first heap   total 58368K, used 44962K [0x00000000c0000000, 0x0000000100000000)
  region size 1024K, 30 young (30720K), 5 survivors (5120K)
 Metaspace       used 32405K, committed 32704K, reserved 1114112K
  class space    used 3290K, committed 3456K, reserved 1048576K
}
Event: 4.565 GC heap after
{Heap after GC invocations=6 (full 0):
 garbage-first heap   total 58368K, used 19905K [0x00000000c0000000, 0x0000000100000000)
  region size 1024K, 1 young (1024K), 1 survivors (1024K)
 Metaspace       used 32405K, committed 32704K, reserved 1114112K
  class space    used 3290K, committed 3456K, reserved 1048576K
}
Event: 5.152 GC heap before
{Heap before GC invocations=6 (full 0):
 garbage-first heap   total 58368K, used 30145K [0x00000000c0000000, 0x0000000100000000)
  region size 1024K, 13 young (13312K), 1 survivors (1024K)
 Metaspace       used 35688K, committed 35968K, reserved 1114112K
  class space    used 3609K, committed 3776K, reserved 1048576K
}
Event: 5.168 GC heap after
{Heap after GC invocations=7 (full 0):
 garbage-first heap   total 58368K, used 21365K [0x00000000c0000000, 0x0000000100000000)
  region size 1024K, 3 young (3072K), 3 survivors (3072K)
 Metaspace       used 35688K, committed 35968K, reserved 1114112K
  class space    used 3609K, committed 3776K, reserved 1048576K
}
Event: 6.488 GC heap before
{Heap before GC invocations=8 (full 0):
 garbage-first heap   total 58368K, used 45941K [0x00000000c0000000, 0x0000000100000000)
  region size 1024K, 28 young (28672K), 3 survivors (3072K)
 Metaspace       used 42306K, committed 42624K, reserved 1114112K
  class space    used 4379K, committed 4544K, reserved 1048576K
}
Event: 6.497 GC heap after
{Heap after GC invocations=9 (full 0):
 garbage-first heap   total 58368K, used 23988K [0x00000000c0000000, 0x0000000100000000)
  region size 1024K, 4 young (4096K), 4 survivors (4096K)
 Metaspace       used 42306K, committed 42624K, reserved 1114112K
  class space    used 4379K, committed 4544K, reserved 1048576K
}
Event: 7.506 GC heap before
{Heap before GC invocations=9 (full 0):
 garbage-first heap   total 58368K, used 47540K [0x00000000c0000000, 0x0000000100000000)
  region size 1024K, 28 young (28672K), 4 survivors (4096K)
 Metaspace       used 46379K, committed 46848K, reserved 1114112K
  class space    used 4900K, committed 5120K, reserved 1048576K
}
Event: 7.519 GC heap after
{Heap after GC invocations=10 (full 0):
 garbage-first heap   total 58368K, used 26261K [0x00000000c0000000, 0x0000000100000000)
  region size 1024K, 3 young (3072K), 3 survivors (3072K)
 Metaspace       used 46379K, committed 46848K, reserved 1114112K
  class space    used 4900K, committed 5120K, reserved 1048576K
}
Event: 9.278 GC heap before
{Heap before GC invocations=10 (full 0):
 garbage-first heap   total 58368K, used 48789K [0x00000000c0000000, 0x0000000100000000)
  region size 1024K, 26 young (26624K), 3 survivors (3072K)
 Metaspace       used 53028K, committed 53568K, reserved 1114112K
  class space    used 5804K, committed 6080K, reserved 1048576K
}
Event: 9.284 GC heap after
{Heap after GC invocations=11 (full 0):
 garbage-first heap   total 70656K, used 28891K [0x00000000c0000000, 0x0000000100000000)
  region size 1024K, 3 young (3072K), 3 survivors (3072K)
 Metaspace       used 53028K, committed 53568K, reserved 1114112K
  class space    used 5804K, committed 6080K, reserved 1048576K
}

