# JRE version: OpenJDK Runtime Environment Temurin-21.0.5+11 (21.0.5+11) (build 21.0.5+11-LTS)
# Java VM: OpenJDK 64-Bit Server VM Temurin-21.0.5+11 (21.0.5+11-LTS, mixed mode, sharing, tiered, compressed oops, compressed class ptrs, g1 gc, windows-amd64)
GC Precious Log:
 CardTable entry size: 512
 Card Set container configuration: InlinePtr #cards 5 size 8 Array Of Cards #cards 12 size 40 Howl #buckets 4 coarsen threshold 1843 Howl Bitmap #cards 512 size 80 coarsen threshold 460 Card regions per heap region 1 cards per card region 2048
 CPUs: 8 total, 8 available
 Memory: 4095M
 Large Page Support: Disabled
 NUMA Support: Disabled
 Compressed Oops: Enabled (32-bit)
 Heap Region Size: 1M
 Heap Min Capacity: 8M
 Heap Initial Capacity: 64M
 Heap Max Capacity: 1G
 Pre-touch: Disabled
 Parallel Workers: 8
 Concurrent Workers: 2
 Concurrent Refinement Workers: 8
 Periodic GC: Disabled
Heap:
 garbage-first heap   total 76800K, used 44357K [0x00000000c0000000, 0x0000000100000000)
  region size 1024K, 2 young (2048K), 2 survivors (2048K)
 Metaspace       used 84547K, committed 85248K, reserved 1179648K
  class space    used 9459K, committed 9792K, reserved 1048576K
GC Heap History (20 events):
Event: 4.633 GC heap after
{Heap after GC invocations=7 (full 0):
 garbage-first heap   total 58368K, used 20992K [0x00000000c0000000, 0x0000000100000000)
  region size 1024K, 2 young (2048K), 2 survivors (2048K)
 Metaspace       used 35735K, committed 35968K, reserved 1114112K
  class space    used 3615K, committed 3776K, reserved 1048576K
}
Event: 5.558 GC heap before
{Heap before GC invocations=8 (full 0):
 garbage-first heap   total 58368K, used 47616K [0x00000000c0000000, 0x0000000100000000)
  region size 1024K, 28 young (28672K), 2 survivors (2048K)
 Metaspace       used 42325K, committed 42688K, reserved 1114112K
  class space    used 4376K, committed 4544K, reserved 1048576K
}
Event: 5.566 GC heap after
{Heap after GC invocations=9 (full 0):
 garbage-first heap   total 58368K, used 23725K [0x00000000c0000000, 0x0000000100000000)
  region size 1024K, 4 young (4096K), 4 survivors (4096K)
 Metaspace       used 42325K, committed 42688K, reserved 1114112K
  class space    used 4376K, committed 4544K, reserved 1048576K
}
Event: 6.195 GC heap before
{Heap before GC invocations=9 (full 0):
 garbage-first heap   total 58368K, used 48301K [0x00000000c0000000, 0x0000000100000000)
  region size 1024K, 28 young (28672K), 4 survivors (4096K)
 Metaspace       used 46320K, committed 46784K, reserved 1114112K
  class space    used 4891K, committed 5120K, reserved 1048576K
}
Event: 6.204 GC heap after
{Heap after GC invocations=10 (full 0):
 garbage-first heap   total 58368K, used 26043K [0x00000000c0000000, 0x0000000100000000)
  region size 1024K, 3 young (3072K), 3 survivors (3072K)
 Metaspace       used 46320K, committed 46784K, reserved 1114112K
  class space    used 4891K, committed 5120K, reserved 1048576K
}
Event: 7.268 GC heap before
{Heap before GC invocations=10 (full 0):
 garbage-first heap   total 58368K, used 48571K [0x00000000c0000000, 0x0000000100000000)
  region size 1024K, 26 young (26624K), 3 survivors (3072K)
 Metaspace       used 52901K, committed 53504K, reserved 1114112K
  class space    used 5796K, committed 6080K, reserved 1048576K
}
Event: 7.278 GC heap after
{Heap after GC invocations=11 (full 0):
 garbage-first heap   total 76800K, used 28732K [0x00000000c0000000, 0x0000000100000000)
  region size 1024K, 3 young (3072K), 3 survivors (3072K)
 Metaspace       used 52901K, committed 53504K, reserved 1114112K
  class space    used 5796K, committed 6080K, reserved 1048576K
}
Event: 7.953 GC heap before
{Heap before GC invocations=11 (full 0):
 garbage-first heap   total 76800K, used 53308K [0x00000000c0000000, 0x0000000100000000)
  region size 1024K, 22 young (22528K), 3 survivors (3072K)
 Metaspace       used 55888K, committed 56512K, reserved 1114112K
  class space    used 6200K, committed 6528K, reserved 1048576K
}
Event: 7.959 GC heap after
{Heap after GC invocations=12 (full 0):
 garbage-first heap   total 76800K, used 37662K [0x00000000c0000000, 0x0000000100000000)
  region size 1024K, 5 young (5120K), 5 survivors (5120K)
 Metaspace       used 55888K, committed 56512K, reserved 1114112K
  class space    used 6200K, committed 6528K, reserved 1048576K
}
Event: 8.819 GC heap before
{Heap before GC invocations=12 (full 0):
 garbage-first heap   total 76800K, used 61214K [0x00000000c0000000, 0x0000000100000000)
  region size 1024K, 27 young (27648K), 5 survivors (5120K)
 Metaspace       used 59485K, committed 60096K, reserved 1114112K
  class space    used 6633K, committed 6912K, reserved 1048576K
}
Event: 8.823 GC heap after
{Heap after GC invocations=13 (full 0):
 garbage-first heap   total 76800K, used 37318K [0x00000000c0000000, 0x0000000100000000)
  region size 1024K, 2 young (2048K), 2 survivors (2048K)
 Metaspace       used 59485K, committed 60096K, reserved 1114112K
  class space    used 6633K, committed 6912K, reserved 1048576K
}
Event: 10.548 GC heap before
{Heap before GC invocations=14 (full 0):
 garbage-first heap   total 76800K, used 64966K [0x00000000c0000000, 0x0000000100000000)
  region size 1024K, 30 young (30720K), 2 survivors (2048K)
 Metaspace       used 65398K, committed 66048K, reserved 1114112K
  class space    used 7175K, committed 7424K, reserved 1048576K
}
Event: 10.572 GC heap after
{Heap after GC invocations=15 (full 0):
 garbage-first heap   total 76800K, used 41778K [0x00000000c0000000, 0x0000000100000000)
  region size 1024K, 4 young (4096K), 4 survivors (4096K)
 Metaspace       used 65398K, committed 66048K, reserved 1114112K
  class space    used 7175K, committed 7424K, reserved 1048576K
}
Event: 11.667 GC heap before
{Heap before GC invocations=15 (full 0):
 garbage-first heap   total 76800K, used 65330K [0x00000000c0000000, 0x0000000100000000)
  region size 1024K, 28 young (28672K), 4 survivors (4096K)
 Metaspace       used 69685K, committed 70400K, reserved 1114112K
  class space    used 7678K, committed 8000K, reserved 1048576K
}
Event: 11.684 GC heap after
{Heap after GC invocations=16 (full 0):
 garbage-first heap   total 76800K, used 42507K [0x00000000c0000000, 0x0000000100000000)
  region size 1024K, 2 young (2048K), 2 survivors (2048K)
 Metaspace       used 69685K, committed 70400K, reserved 1114112K
  class space    used 7678K, committed 8000K, reserved 1048576K
}
Event: 12.650 GC heap before
{Heap before GC invocations=16 (full 0):
 garbage-first heap   total 76800K, used 66059K [0x00000000c0000000, 0x0000000100000000)
  region size 1024K, 26 young (26624K), 2 survivors (2048K)
 Metaspace       used 73910K, committed 74624K, reserved 1179648K
  class space    used 8309K, committed 8640K, reserved 1048576K
}
Event: 12.661 GC heap after
{Heap after GC invocations=17 (full 0):
 garbage-first heap   total 76800K, used 43672K [0x00000000c0000000, 0x0000000100000000)
  region size 1024K, 3 young (3072K), 3 survivors (3072K)
 Metaspace       used 73910K, committed 74624K, reserved 1179648K
  class space    used 8309K, committed 8640K, reserved 1048576K
}
Event: 13.943 GC heap before
{Heap before GC invocations=18 (full 0):
 garbage-first heap   total 76800K, used 68248K [0x00000000c0000000, 0x0000000100000000)
  region size 1024K, 27 young (27648K), 3 survivors (3072K)
 Metaspace       used 78033K, committed 78720K, reserved 1179648K
  class space    used 9025K, committed 9344K, reserved 1048576K
}
Event: 13.997 GC heap after
{Heap after GC invocations=19 (full 0):
 garbage-first heap   total 76800K, used 45636K [0x00000000c0000000, 0x0000000100000000)
  region size 1024K, 3 young (3072K), 3 survivors (3072K)
 Metaspace       used 78033K, committed 78720K, reserved 1179648K
  class space    used 9025K, committed 9344K, reserved 1048576K
}
Event: 14.788 GC heap before
{Heap before GC invocations=19 (full 0):
 garbage-first heap   total 76800K, used 66116K [0x00000000c0000000, 0x0000000100000000)
  region size 1024K, 24 young (24576K), 3 survivors (3072K)
 Metaspace       used 84547K, committed 85248K, reserved 1179648K
  class space    used 9459K, committed 9792K, reserved 1048576K
}

