# JRE version: OpenJDK Runtime Environment Temurin-21.0.5+11 (21.0.5+11) (build 21.0.5+11-LTS)
# Java VM: OpenJDK 64-Bit Server VM Temurin-21.0.5+11 (21.0.5+11-LTS, mixed mode, sharing, tiered, compressed oops, compressed class ptrs, g1 gc, windows-amd64)
GC Precious Log:
 CardTable entry size: 512
 Card Set container configuration: InlinePtr #cards 5 size 8 Array Of Cards #cards 12 size 40 Howl #buckets 4 coarsen threshold 1843 Howl Bitmap #cards 512 size 80 coarsen threshold 460 Card regions per heap region 1 cards per card region 2048
 CPUs: 8 total, 8 available
 Memory: 4095M
 Large Page Support: Disabled
 NUMA Support: Disabled
 Compressed Oops: Enabled (32-bit)
 Heap Region Size: 1M
 Heap Min Capacity: 8M
 Heap Initial Capacity: 64M
 Heap Max Capacity: 1G
 Pre-touch: Disabled
 Parallel Workers: 8
 Concurrent Workers: 2
 Concurrent Refinement Workers: 8
 Periodic GC: Disabled
Heap:
 garbage-first heap   total 97280K, used 80585K [0x00000000c0000000, 0x0000000100000000)
  region size 1024K, 33 young (33792K), 1 survivors (1024K)
 Metaspace       used 103068K, committed 104640K, reserved 1179648K
  class space    used 11980K, committed 12608K, reserved 1048576K
GC Heap History (20 events):
Event: 973.598 GC heap before
{Heap before GC invocations=42 (full 0):
 garbage-first heap   total 97280K, used 86329K [0x00000000c0000000, 0x0000000100000000)
  region size 1024K, 38 young (38912K), 3 survivors (3072K)
 Metaspace       used 103567K, committed 104576K, reserved 1179648K
  class space    used 12179K, committed 12608K, reserved 1048576K
}
Event: 973.611 GC heap after
{Heap after GC invocations=43 (full 0):
 garbage-first heap   total 97280K, used 50344K [0x00000000c0000000, 0x0000000100000000)
  region size 1024K, 1 young (1024K), 1 survivors (1024K)
 Metaspace       used 103567K, committed 104576K, reserved 1179648K
  class space    used 12179K, committed 12608K, reserved 1048576K
}
Event: 1049.372 GC heap before
{Heap before GC invocations=43 (full 0):
 garbage-first heap   total 97280K, used 89256K [0x00000000c0000000, 0x0000000100000000)
  region size 1024K, 39 young (39936K), 1 survivors (1024K)
 Metaspace       used 103574K, committed 104576K, reserved 1179648K
  class space    used 12179K, committed 12608K, reserved 1048576K
}
Event: 1049.387 GC heap after
{Heap after GC invocations=44 (full 0):
 garbage-first heap   total 97280K, used 50466K [0x00000000c0000000, 0x0000000100000000)
  region size 1024K, 1 young (1024K), 1 survivors (1024K)
 Metaspace       used 103574K, committed 104576K, reserved 1179648K
  class space    used 12179K, committed 12608K, reserved 1048576K
}
Event: 1119.202 GC heap before
{Heap before GC invocations=45 (full 0):
 garbage-first heap   total 97280K, used 89378K [0x00000000c0000000, 0x0000000100000000)
  region size 1024K, 39 young (39936K), 1 survivors (1024K)
 Metaspace       used 102853K, committed 104576K, reserved 1179648K
  class space    used 11981K, committed 12608K, reserved 1048576K
}
Event: 1119.212 GC heap after
{Heap after GC invocations=46 (full 0):
 garbage-first heap   total 97280K, used 50516K [0x00000000c0000000, 0x0000000100000000)
  region size 1024K, 1 young (1024K), 1 survivors (1024K)
 Metaspace       used 102853K, committed 104576K, reserved 1179648K
  class space    used 11981K, committed 12608K, reserved 1048576K
}
Event: 1193.332 GC heap before
{Heap before GC invocations=46 (full 0):
 garbage-first heap   total 97280K, used 89428K [0x00000000c0000000, 0x0000000100000000)
  region size 1024K, 39 young (39936K), 1 survivors (1024K)
 Metaspace       used 102883K, committed 104576K, reserved 1179648K
  class space    used 11981K, committed 12608K, reserved 1048576K
}
Event: 1193.348 GC heap after
{Heap after GC invocations=47 (full 0):
 garbage-first heap   total 97280K, used 49757K [0x00000000c0000000, 0x0000000100000000)
  region size 1024K, 1 young (1024K), 1 survivors (1024K)
 Metaspace       used 102883K, committed 104576K, reserved 1179648K
  class space    used 11981K, committed 12608K, reserved 1048576K
}
Event: 1267.055 GC heap before
{Heap before GC invocations=47 (full 0):
 garbage-first heap   total 97280K, used 88669K [0x00000000c0000000, 0x0000000100000000)
  region size 1024K, 39 young (39936K), 1 survivors (1024K)
 Metaspace       used 102892K, committed 104576K, reserved 1179648K
  class space    used 11981K, committed 12608K, reserved 1048576K
}
Event: 1267.065 GC heap after
{Heap after GC invocations=48 (full 0):
 garbage-first heap   total 97280K, used 49916K [0x00000000c0000000, 0x0000000100000000)
  region size 1024K, 1 young (1024K), 1 survivors (1024K)
 Metaspace       used 102892K, committed 104576K, reserved 1179648K
  class space    used 11981K, committed 12608K, reserved 1048576K
}
Event: 1342.158 GC heap before
{Heap before GC invocations=49 (full 0):
 garbage-first heap   total 97280K, used 88828K [0x00000000c0000000, 0x0000000100000000)
  region size 1024K, 39 young (39936K), 1 survivors (1024K)
 Metaspace       used 102897K, committed 104640K, reserved 1179648K
  class space    used 11979K, committed 12608K, reserved 1048576K
}
Event: 1342.171 GC heap after
{Heap after GC invocations=50 (full 0):
 garbage-first heap   total 97280K, used 49945K [0x00000000c0000000, 0x0000000100000000)
  region size 1024K, 1 young (1024K), 1 survivors (1024K)
 Metaspace       used 102897K, committed 104640K, reserved 1179648K
  class space    used 11979K, committed 12608K, reserved 1048576K
}
Event: 1418.077 GC heap before
{Heap before GC invocations=50 (full 0):
 garbage-first heap   total 97280K, used 88857K [0x00000000c0000000, 0x0000000100000000)
  region size 1024K, 39 young (39936K), 1 survivors (1024K)
 Metaspace       used 102946K, committed 104640K, reserved 1179648K
  class space    used 11979K, committed 12608K, reserved 1048576K
}
Event: 1418.093 GC heap after
{Heap after GC invocations=51 (full 0):
 garbage-first heap   total 97280K, used 49151K [0x00000000c0000000, 0x0000000100000000)
  region size 1024K, 1 young (1024K), 1 survivors (1024K)
 Metaspace       used 102946K, committed 104640K, reserved 1179648K
  class space    used 11979K, committed 12608K, reserved 1048576K
}
Event: 1489.051 GC heap before
{Heap before GC invocations=51 (full 0):
 garbage-first heap   total 97280K, used 89087K [0x00000000c0000000, 0x0000000100000000)
  region size 1024K, 40 young (40960K), 1 survivors (1024K)
 Metaspace       used 102997K, committed 104640K, reserved 1179648K
  class space    used 11979K, committed 12608K, reserved 1048576K
}
Event: 1489.058 GC heap after
{Heap after GC invocations=52 (full 0):
 garbage-first heap   total 97280K, used 49229K [0x00000000c0000000, 0x0000000100000000)
  region size 1024K, 1 young (1024K), 1 survivors (1024K)
 Metaspace       used 102997K, committed 104640K, reserved 1179648K
  class space    used 11979K, committed 12608K, reserved 1048576K
}
Event: 1564.681 GC heap before
{Heap before GC invocations=53 (full 0):
 garbage-first heap   total 97280K, used 89165K [0x00000000c0000000, 0x0000000100000000)
  region size 1024K, 40 young (40960K), 1 survivors (1024K)
 Metaspace       used 103011K, committed 104640K, reserved 1179648K
  class space    used 11979K, committed 12608K, reserved 1048576K
}
Event: 1564.685 GC heap after
{Heap after GC invocations=54 (full 0):
 garbage-first heap   total 97280K, used 49257K [0x00000000c0000000, 0x0000000100000000)
  region size 1024K, 1 young (1024K), 1 survivors (1024K)
 Metaspace       used 103011K, committed 104640K, reserved 1179648K
  class space    used 11979K, committed 12608K, reserved 1048576K
}
Event: 1642.150 GC heap before
{Heap before GC invocations=54 (full 0):
 garbage-first heap   total 97280K, used 89193K [0x00000000c0000000, 0x0000000100000000)
  region size 1024K, 40 young (40960K), 1 survivors (1024K)
 Metaspace       used 103032K, committed 104640K, reserved 1179648K
  class space    used 11980K, committed 12608K, reserved 1048576K
}
Event: 1642.164 GC heap after
{Heap after GC invocations=55 (full 0):
 garbage-first heap   total 97280K, used 48841K [0x00000000c0000000, 0x0000000100000000)
  region size 1024K, 1 young (1024K), 1 survivors (1024K)
 Metaspace       used 103032K, committed 104640K, reserved 1179648K
  class space    used 11980K, committed 12608K, reserved 1048576K
}

