# JRE version: OpenJDK Runtime Environment Temurin-21.0.5+11 (21.0.5+11) (build 21.0.5+11-LTS)
# Java VM: OpenJDK 64-Bit Server VM Temurin-21.0.5+11 (21.0.5+11-LTS, mixed mode, sharing, tiered, compressed oops, compressed class ptrs, g1 gc, windows-amd64)
GC Precious Log:
 CardTable entry size: 512
 Card Set container configuration: InlinePtr #cards 5 size 8 Array Of Cards #cards 12 size 40 Howl #buckets 4 coarsen threshold 1843 Howl Bitmap #cards 512 size 80 coarsen threshold 460 Card regions per heap region 1 cards per card region 2048
 CPUs: 8 total, 8 available
 Memory: 4095M
 Large Page Support: Disabled
 NUMA Support: Disabled
 Compressed Oops: Enabled (32-bit)
 Heap Region Size: 1M
 Heap Min Capacity: 8M
 Heap Initial Capacity: 64M
 Heap Max Capacity: 1G
 Pre-touch: Disabled
 Parallel Workers: 8
 Concurrent Workers: 2
 Concurrent Refinement Workers: 8
 Periodic GC: Disabled
Heap:
 garbage-first heap   total 71680K, used 59349K [0x00000000c0000000, 0x0000000100000000)
  region size 1024K, 22 young (22528K), 3 survivors (3072K)
 Metaspace       used 71506K, committed 72192K, reserved 1114112K
  class space    used 7883K, committed 8192K, reserved 1048576K
GC Heap History (20 events):
Event: 2.970 GC heap before
{Heap before GC invocations=2 (full 0):
 garbage-first heap   total 65536K, used 32537K [0x00000000c0000000, 0x0000000100000000)
  region size 1024K, 33 young (33792K), 4 survivors (4096K)
 Metaspace       used 21302K, committed 21504K, reserved 1114112K
  class space    used 1934K, committed 2048K, reserved 1048576K
}
Event: 2.982 GC heap after
{Heap after GC invocations=3 (full 0):
 garbage-first heap   total 65536K, used 13699K [0x00000000c0000000, 0x0000000100000000)
  region size 1024K, 5 young (5120K), 5 survivors (5120K)
 Metaspace       used 21302K, committed 21504K, reserved 1114112K
  class space    used 1934K, committed 2048K, reserved 1048576K
}
Event: 3.518 GC heap before
{Heap before GC invocations=4 (full 0):
 garbage-first heap   total 48128K, used 46467K [0x00000000c0000000, 0x0000000100000000)
  region size 1024K, 35 young (35840K), 5 survivors (5120K)
 Metaspace       used 25129K, committed 25344K, reserved 1114112K
  class space    used 2356K, committed 2432K, reserved 1048576K
}
Event: 3.528 GC heap after
{Heap after GC invocations=5 (full 0):
 garbage-first heap   total 59392K, used 19788K [0x00000000c0000000, 0x0000000100000000)
  region size 1024K, 5 young (5120K), 5 survivors (5120K)
 Metaspace       used 25129K, committed 25344K, reserved 1114112K
  class space    used 2356K, committed 2432K, reserved 1048576K
}
Event: 4.235 GC heap before
{Heap before GC invocations=5 (full 0):
 garbage-first heap   total 59392K, used 45388K [0x00000000c0000000, 0x0000000100000000)
  region size 1024K, 30 young (30720K), 5 survivors (5120K)
 Metaspace       used 32365K, committed 32640K, reserved 1114112K
  class space    used 3270K, committed 3392K, reserved 1048576K
}
Event: 4.242 GC heap after
{Heap after GC invocations=6 (full 0):
 garbage-first heap   total 59392K, used 20014K [0x00000000c0000000, 0x0000000100000000)
  region size 1024K, 1 young (1024K), 1 survivors (1024K)
 Metaspace       used 32365K, committed 32640K, reserved 1114112K
  class space    used 3270K, committed 3392K, reserved 1048576K
}
Event: 4.657 GC heap before
{Heap before GC invocations=6 (full 0):
 garbage-first heap   total 59392K, used 31278K [0x00000000c0000000, 0x0000000100000000)
  region size 1024K, 13 young (13312K), 1 survivors (1024K)
 Metaspace       used 35707K, committed 35968K, reserved 1114112K
  class space    used 3613K, committed 3776K, reserved 1048576K
}
Event: 4.662 GC heap after
{Heap after GC invocations=7 (full 0):
 garbage-first heap   total 71680K, used 20850K [0x00000000c0000000, 0x0000000100000000)
  region size 1024K, 2 young (2048K), 2 survivors (2048K)
 Metaspace       used 35707K, committed 35968K, reserved 1114112K
  class space    used 3613K, committed 3776K, reserved 1048576K
}
Event: 6.023 GC heap before
{Heap before GC invocations=8 (full 0):
 garbage-first heap   total 71680K, used 56690K [0x00000000c0000000, 0x0000000100000000)
  region size 1024K, 38 young (38912K), 2 survivors (2048K)
 Metaspace       used 44169K, committed 44608K, reserved 1114112K
  class space    used 4603K, committed 4800K, reserved 1048576K
}
Event: 6.034 GC heap after
{Heap after GC invocations=9 (full 0):
 garbage-first heap   total 71680K, used 24651K [0x00000000c0000000, 0x0000000100000000)
  region size 1024K, 5 young (5120K), 5 survivors (5120K)
 Metaspace       used 44169K, committed 44608K, reserved 1114112K
  class space    used 4603K, committed 4800K, reserved 1048576K
}
Event: 7.539 GC heap before
{Heap before GC invocations=9 (full 0):
 garbage-first heap   total 71680K, used 57419K [0x00000000c0000000, 0x0000000100000000)
  region size 1024K, 38 young (38912K), 5 survivors (5120K)
 Metaspace       used 51762K, committed 52352K, reserved 1114112K
  class space    used 5575K, committed 5888K, reserved 1048576K
}
Event: 7.549 GC heap after
{Heap after GC invocations=10 (full 0):
 garbage-first heap   total 71680K, used 28695K [0x00000000c0000000, 0x0000000100000000)
  region size 1024K, 5 young (5120K), 5 survivors (5120K)
 Metaspace       used 51762K, committed 52352K, reserved 1114112K
  class space    used 5575K, committed 5888K, reserved 1048576K
}
Event: 8.452 GC heap before
{Heap before GC invocations=10 (full 0):
 garbage-first heap   total 71680K, used 57367K [0x00000000c0000000, 0x0000000100000000)
  region size 1024K, 29 young (29696K), 5 survivors (5120K)
 Metaspace       used 55897K, committed 56512K, reserved 1114112K
  class space    used 6198K, committed 6528K, reserved 1048576K
}
Event: 8.457 GC heap after
{Heap after GC invocations=11 (full 0):
 garbage-first heap   total 71680K, used 38775K [0x00000000c0000000, 0x0000000100000000)
  region size 1024K, 4 young (4096K), 4 survivors (4096K)
 Metaspace       used 55897K, committed 56512K, reserved 1114112K
  class space    used 6198K, committed 6528K, reserved 1048576K
}
Event: 9.140 GC heap before
{Heap before GC invocations=12 (full 0):
 garbage-first heap   total 71680K, used 63351K [0x00000000c0000000, 0x0000000100000000)
  region size 1024K, 26 young (26624K), 4 survivors (4096K)
 Metaspace       used 59109K, committed 59712K, reserved 1114112K
  class space    used 6620K, committed 6912K, reserved 1048576K
}
Event: 9.143 GC heap after
{Heap after GC invocations=13 (full 0):
 garbage-first heap   total 71680K, used 37063K [0x00000000c0000000, 0x0000000100000000)
  region size 1024K, 2 young (2048K), 2 survivors (2048K)
 Metaspace       used 59109K, committed 59712K, reserved 1114112K
  class space    used 6620K, committed 6912K, reserved 1048576K
}
Event: 10.041 GC heap before
{Heap before GC invocations=13 (full 0):
 garbage-first heap   total 71680K, used 60615K [0x00000000c0000000, 0x0000000100000000)
  region size 1024K, 26 young (26624K), 2 survivors (2048K)
 Metaspace       used 64215K, committed 64896K, reserved 1114112K
  class space    used 7033K, committed 7360K, reserved 1048576K
}
Event: 10.044 GC heap after
{Heap after GC invocations=14 (full 0):
 garbage-first heap   total 71680K, used 39811K [0x00000000c0000000, 0x0000000100000000)
  region size 1024K, 4 young (4096K), 4 survivors (4096K)
 Metaspace       used 64215K, committed 64896K, reserved 1114112K
  class space    used 7033K, committed 7360K, reserved 1048576K
}
Event: 10.995 GC heap before
{Heap before GC invocations=14 (full 0):
 garbage-first heap   total 71680K, used 61315K [0x00000000c0000000, 0x0000000100000000)
  region size 1024K, 26 young (26624K), 4 survivors (4096K)
 Metaspace       used 67611K, committed 68288K, reserved 1114112K
  class space    used 7376K, committed 7744K, reserved 1048576K
}
Event: 10.998 GC heap after
{Heap after GC invocations=15 (full 0):
 garbage-first heap   total 71680K, used 41941K [0x00000000c0000000, 0x0000000100000000)
  region size 1024K, 3 young (3072K), 3 survivors (3072K)
 Metaspace       used 67611K, committed 68288K, reserved 1114112K
  class space    used 7376K, committed 7744K, reserved 1048576K
}

